<?xml version="1.0" encoding="UTF-8"?>
<testsuite xmlns:xsi="http://www.w3.org/2001/XMLSchema-instance" xsi:noNamespaceSchemaLocation="https://maven.apache.org/surefire/maven-surefire-plugin/xsd/surefire-test-report-3.0.xsd" version="3.0" name="com.cinema.project.CinemaBackendApplicationTests" time="26.147" tests="1" errors="0" skipped="0" failures="0">
  <properties>
[...]
</properties>
  <testcase name="contextLoads" classname="com.cinema.project.CinemaBackendApplicationTests" time="1.214">
    <system-out><![CDATA[13:39:07.367 [main] INFO org.springframework.test.context.support.AnnotationConfigContextLoaderUtils -- Could not detect default configuration classes for test class [com.cinema.project.CinemaBackendApplicationTests]: CinemaBackendApplicationTests does not declare any static, non-private, non-final, nested classes annotated with @Configuration.
13:39:07.620 [main] INFO org.springframework.boot.test.context.SpringBootTestContextBootstrapper -- Found @SpringBootConfiguration com.cinema.project.CinemaBackendApplication for test class com.cinema.project.CinemaBackendApplicationTests

  .   ____          _            __ _ _
 /\\ / ___'_ __ _ _(_)_ __  __ _ \ \ \ \
( ( )\___ | '_ | '_| | '_ \/ _` | \ \ \ \
 \\/  ___)| |_)| | | | | || (_| |  ) ) ) )
  '  |____| .__|_| |_|_| |_\__, | / / / /
 =========|_|==============|___/=/_/_/_/
 :: Spring Boot ::                (v3.2.5)

2026-05-25T13:39:08.558+07:00  WARN 24852 --- [cinema_backend] [           main] ory$DuplicateJsonObjectContextCustomizer : 

Found multiple occurrences of org.json.JSONObject on the class path:

	jar:file:/C:/Users/admin/.m2/repository/com/vaadin/external/google/android-json/0.0.20131108.vaadin1/android-json-0.0.20131108.vaadin1.jar!/org/json/JSONObject.class
	jar:file:/C:/Users/admin/.m2/repository/org/json/json/20231013/json-20231013.jar!/org/json/JSONObject.class

You may wish to exclude one of them to ensure predictable runtime behavior

2026-05-25T13:39:08.678+07:00  INFO 24852 --- [cinema_backend] [           main] c.c.p.CinemaBackendApplicationTests      : Starting CinemaBackendApplicationTests using Java 17.0.19 with PID 24852 (started by admin in D:\BTL_JAVA\CinemaManagement\cinema_backend)
2026-05-25T13:39:08.691+07:00  INFO 24852 --- [cinema_backend] [           main] c.c.p.CinemaBackendApplicationTests      : No active profile set, falling back to 1 default profile: "default"
2026-05-25T13:39:11.521+07:00  INFO 24852 --- [cinema_backend] [           main] .s.d.r.c.RepositoryConfigurationDelegate : Bootstrapping Spring Data JPA repositories in DEFAULT mode.
2026-05-25T13:39:12.054+07:00  INFO 24852 --- [cinema_backend] [           main] .s.d.r.c.RepositoryConfigurationDelegate : Finished Spring Data repository scanning in 486 ms. Found 10 JPA repository interfaces.
2026-05-25T13:39:14.303+07:00  INFO 24852 --- [cinema_backend] [           main] o.hibernate.jpa.internal.util.LogHelper  : HHH000204: Processing PersistenceUnitInfo [name: default]
2026-05-25T13:39:14.542+07:00  INFO 24852 --- [cinema_backend] [           main] org.hibernate.Version                    : HHH000412: Hibernate ORM core version 6.4.4.Final
2026-05-25T13:39:14.673+07:00  INFO 24852 --- [cinema_backend] [           main] o.h.c.internal.RegionFactoryInitiator    : HHH000026: Second-level cache disabled
2026-05-25T13:39:15.895+07:00  INFO 24852 --- [cinema_backend] [           main] o.s.o.j.p.SpringPersistenceUnitInfo      : No LoadTimeWeaver setup: ignoring JPA class transformer
2026-05-25T13:39:16.031+07:00  INFO 24852 --- [cinema_backend] [           main] com.zaxxer.hikari.HikariDataSource       : HikariPool-1 - Starting...
2026-05-25T13:39:17.060+07:00  INFO 24852 --- [cinema_backend] [           main] com.zaxxer.hikari.pool.HikariPool        : HikariPool-1 - Added connection ConnectionID:1 ClientConnectionId: 9b1607e9-4481-4384-b895-f34ea2774c8e
2026-05-25T13:39:17.068+07:00  INFO 24852 --- [cinema_backend] [           main] com.zaxxer.hikari.HikariDataSource       : HikariPool-1 - Start completed.
2026-05-25T13:39:17.128+07:00  WARN 24852 --- [cinema_backend] [           main] org.hibernate.orm.deprecation            : HHH90000025: SQLServerDialect does not need to be specified explicitly using 'hibernate.dialect' (remove the property setting and it will be selected by default)
2026-05-25T13:39:20.757+07:00  INFO 24852 --- [cinema_backend] [           main] o.h.e.t.j.p.i.JtaPlatformInitiator       : HHH000489: No JTA platform available (set 'hibernate.transaction.jta.platform' to enable JTA platform integration)
2026-05-25T13:39:22.655+07:00  INFO 24852 --- [cinema_backend] [           main] j.LocalContainerEntityManagerFactoryBean : Initialized JPA EntityManagerFactory for persistence unit 'default'
2026-05-25T13:39:23.883+07:00  INFO 24852 --- [cinema_backend] [           main] o.s.d.j.r.query.QueryEnhancerFactory     : Hibernate is in classpath; If applicable, HQL parser will be used.
2026-05-25T13:39:28.028+07:00  WARN 24852 --- [cinema_backend] [           main] JpaBaseConfiguration$JpaWebConfiguration : spring.jpa.open-in-view is enabled by default. Therefore, database queries may be performed during view rendering. Explicitly configure spring.jpa.open-in-view to disable this warning
2026-05-25T13:39:29.100+07:00  INFO 24852 --- [cinema_backend] [           main] o.s.s.web.DefaultSecurityFilterChain     : Will secure any request with [org.springframework.security.web.session.DisableEncodeUrlFilter@6cdd9a1b, org.springframework.security.web.context.request.async.WebAsyncManagerIntegrationFilter@7cb13e56, org.springframework.security.web.context.SecurityContextHolderFilter@566bea82, org.springframework.security.web.header.HeaderWriterFilter@5a06fcfc, org.springframework.web.filter.CorsFilter@6222ee67, org.springframework.security.web.authentication.logout.LogoutFilter@56ddb317, com.cinema.project.security.jwt.AuthTokenFilter@7364073b, org.springframework.security.web.savedrequest.RequestCacheAwareFilter@68284cf9, org.springframework.security.web.servletapi.SecurityContextHolderAwareRequestFilter@6903e134, org.springframework.security.web.authentication.AnonymousAuthenticationFilter@5fca8642, org.springframework.security.web.session.SessionManagementFilter@22d7e121, org.springframework.security.web.access.ExceptionTranslationFilter@337d97e3, org.springframework.security.web.access.intercept.AuthorizationFilter@3614cd03]
2026-05-25T13:39:30.827+07:00  INFO 24852 --- [cinema_backend] [           main] c.c.p.CinemaBackendApplicationTests      : Started CinemaBackendApplicationTests in 22.819 seconds (process running for 25.136)
Hibernate: select u1_0.user_id,u1_0.email,u1_0.gender,u1_0.password,u1_0.phone,u1_0.role,u1_0.username from users u1_0
Hibernate: select u1_0.user_id,u1_0.email,u1_0.gender,u1_0.password,u1_0.phone,u1_0.role,u1_0.username from users u1_0 where u1_0.user_id=?
Hibernate: delete from users where user_id=?
Hibernate: insert into users (email,gender,password,phone,role,username) values (?,?,?,?,?,?)
>>> [SUCCESS] Khoi tao Admin voi ID tu dong!
]]></system-out>
  </testcase>
</testsuite>